<?xml version="1.0" encoding="utf-8"?>
<shfbBuild product="Sandcastle Help File Builder" version="2014.2.15.0 Beta" projectFile="F:\[Мои проекты]\Nemiro .NET Framework\Documentations\Nemiro.OAuth.shfbproj" started="20.07.2014 20:10:00">
<buildStep step="Initializing">
Finding tools...
The Sandcastle tools are located in &#39;C:\Program Files (x86)\EWSoftware\Sandcastle Help File Builder\&#39;
Locating components...
Using presentation style &#39;VS2010&#39; located in &#39;C:\Program Files (x86)\EWSoftware\Sandcastle Help File Builder\PresentationStyles\VS2010&#39;
</buildStep>
<buildStep step="ClearWorkFolder">
Clearing working folder...
</buildStep>
<buildStep step="ValidatingDocumentationSources">
Validating and copying documentation source information
Source: F:\[Мои проекты]\Nemiro .NET Framework\Nemiro.OAuth\Nemiro.OAuth\bin\Release\Nemiro.OAuth.dll
    Found assembly &#39;F:\[Мои проекты]\Nemiro .NET Framework\Nemiro.OAuth\Nemiro.OAuth\bin\Release\Nemiro.OAuth.dll&#39;
Source: F:\[Мои проекты]\Nemiro .NET Framework\Nemiro.OAuth\Nemiro.OAuth\bin\Release\Nemiro.OAuth.XML

Copying XML comments files
    F:\[Мои проекты]\Nemiro .NET Framework\Nemiro.OAuth\Nemiro.OAuth\bin\Release\Nemiro.OAuth.XML -&gt; F:\[Мои проекты]\Nemiro .NET Framework\Documentations\Help\Working\Nemiro.OAuth.XML
</buildStep>
<buildStep step="GenerateSharedContent">
Generating shared content files (en-US, Английский (США))...
    Last step completed in 00:00:00.0060
</buildStep>
<buildStep step="GenerateApiFilter">
Generating API filter for MRefBuilder...
    Last step completed in 00:00:00.0070
</buildStep>
<buildStep step="GenerateReflectionInfo">
Generating reflection information...
[C:\Windows\Microsoft.NET\Framework64\v4.0.30319\MSBuild.exe]
‘Ў&#174;аЄ&#160; &#173;&#160;з&#160;в&#160; 20.07.2014 20:10:01.
Џа&#174;ҐЄв &quot;F:\[Њ&#174;Ё Їа&#174;ҐЄвл]\Nemiro .NET Framework\Documentations\Help\Working\GenerateRefInfo.proj&quot; ў г&#167;&#171;Ґ 1 (жҐ&#171;ҐўлҐ &#174;ЎкҐЄвл Ї&#174; г&#172;&#174;&#171;з&#160;&#173;Ёо).
PrepareForBuild:
  ‘&#174;&#167;&#164;&#160;&#173;ЁҐ Є&#160;в&#160;&#171;&#174;Ј&#160; &quot;obj\Debug\&quot;.
GenerateRefInfo:
  MRefBuilder (v2014.1.26.0)
  Copyright c 2006-2014, Microsoft Corporation, All Rights Reserved.
  Portions Copyright c 2006-2014, Eric Woodruff, All Rights Reserved.
  Loaded 1 assemblies for reflection and 1 dependency assemblies.
  Wrote information on 3 namespaces, 40 types, and 195 members
  Љ&#174;ЇЁа&#174;ў&#160;&#173;ЁҐ д&#160;&#169;&#171;&#160; Ё&#167; &quot;reflection.org&quot; ў &quot;reflection.all&quot;.
  XslTransform (v2014.1.26.0)
  Copyright c 2006-2014, Microsoft Corporation, All Rights Reserved.
  Portions Copyright c 2006-2014, Eric Woodruff, All Rights Reserved.
  Applying XSL transformation &#39;C:\Program Files (x86)\EWSoftware\Sandcastle Help File Builder\ProductionTransforms\MergeDuplicates.xsl&#39;.
Џ&#174;бва&#174;Ґ&#173;ЁҐ Їа&#174;ҐЄв&#160; &quot;F:\[Њ&#174;Ё Їа&#174;ҐЄвл]\Nemiro .NET Framework\Documentations\Help\Working\GenerateRefInfo.proj&quot; &#167;&#160;ўҐаиҐ&#173;&#174; (жҐ&#171;ҐўлҐ &#174;ЎкҐЄвл Ї&#174; г&#172;&#174;&#171;з&#160;&#173;Ёо).

‘Ў&#174;аЄ&#160; гбЇҐи&#173;&#174; &#167;&#160;ўҐаиҐ&#173;&#160;.

‡&#160;ва&#160;зҐ&#173;&#173;&#174;Ґ ўаҐ&#172;п: 00:00:01.84
    Last step completed in 00:00:02.2311
</buildStep>
<buildStep step="TransformReflectionInfo">
Transforming reflection output...
[C:\Windows\Microsoft.NET\Framework64\v4.0.30319\MSBuild.exe]
‘Ў&#174;аЄ&#160; &#173;&#160;з&#160;в&#160; 20.07.2014 20:10:03.
Џа&#174;ҐЄв &quot;F:\[Њ&#174;Ё Їа&#174;ҐЄвл]\Nemiro .NET Framework\Documentations\Help\Working\TransformManifest.proj&quot; ў г&#167;&#171;Ґ 1 (жҐ&#171;ҐўлҐ &#174;ЎкҐЄвл Ї&#174; г&#172;&#174;&#171;з&#160;&#173;Ёо).
TransformManifest:
  XslTransform (v2014.1.26.0)
  Copyright c 2006-2014, Microsoft Corporation, All Rights Reserved.
  Portions Copyright c 2006-2014, Eric Woodruff, All Rights Reserved.
  Applying XSL transformation &#39;C:\Program Files (x86)\EWSoftware\Sandcastle Help File Builder\\ProductionTransforms\ApplyVSDocModel.xsl&#39;.
  Љ&#174;ЇЁа&#174;ў&#160;&#173;ЁҐ д&#160;&#169;&#171;&#160; Ё&#167; &quot;reflection.xml&quot; ў &quot;reflection.nofilenames&quot;.
  XslTransform (v2014.1.26.0)
  Copyright c 2006-2014, Microsoft Corporation, All Rights Reserved.
  Portions Copyright c 2006-2014, Eric Woodruff, All Rights Reserved.
  Applying XSL transformation &#39;C:\Program Files (x86)\EWSoftware\Sandcastle Help File Builder\ProductionTransforms\AddFilenames.xsl&#39;.
  XslTransform (v2014.1.26.0)
  Copyright c 2006-2014, Microsoft Corporation, All Rights Reserved.
  Portions Copyright c 2006-2014, Eric Woodruff, All Rights Reserved.
  Applying XSL transformation &#39;C:\Program Files (x86)\EWSoftware\Sandcastle Help File Builder\ProductionTransforms\ReflectionToManifest.xsl&#39;.
Џ&#174;бва&#174;Ґ&#173;ЁҐ Їа&#174;ҐЄв&#160; &quot;F:\[Њ&#174;Ё Їа&#174;ҐЄвл]\Nemiro .NET Framework\Documentations\Help\Working\TransformManifest.proj&quot; &#167;&#160;ўҐаиҐ&#173;&#174; (жҐ&#171;ҐўлҐ &#174;ЎкҐЄвл Ї&#174; г&#172;&#174;&#171;з&#160;&#173;Ёо).

‘Ў&#174;аЄ&#160; гбЇҐи&#173;&#174; &#167;&#160;ўҐаиҐ&#173;&#160;.

‡&#160;ва&#160;зҐ&#173;&#173;&#174;Ґ ўаҐ&#172;п: 00:00:01.41
    Last step completed in 00:00:01.8111
</buildStep>
<buildStep step="GenerateNamespaceSummaries">
Generating namespace summary information...
    Last step completed in 00:00:00.0330
</buildStep>
<buildStep step="CopyAdditionalContent">
Copying additional content files...
F:\[Мои проекты]\Nemiro .NET Framework\Documentations\custom.html -&gt; F:\[Мои проекты]\Nemiro .NET Framework\Documentations\Help\Working\Output\Website\custom.html
F:\[Мои проекты]\Nemiro .NET Framework\Documentations\donate.html -&gt; F:\[Мои проекты]\Nemiro .NET Framework\Documentations\Help\Working\Output\Website\donate.html
F:\[Мои проекты]\Nemiro .NET Framework\Documentations\error.html -&gt; F:\[Мои проекты]\Nemiro .NET Framework\Documentations\Help\Working\Output\Website\error.html
F:\[Мои проекты]\Nemiro .NET Framework\Documentations\feedback.html -&gt; F:\[Мои проекты]\Nemiro .NET Framework\Documentations\Help\Working\Output\Website\feedback.html
F:\[Мои проекты]\Nemiro .NET Framework\Documentations\home.html -&gt; F:\[Мои проекты]\Nemiro .NET Framework\Documentations\Help\Working\Output\Website\home.html
F:\[Мои проекты]\Nemiro .NET Framework\Documentations\how-to.html -&gt; F:\[Мои проекты]\Nemiro .NET Framework\Documentations\Help\Working\Output\Website\how-to.html
F:\[Мои проекты]\Nemiro .NET Framework\Documentations\icons.png -&gt; F:\[Мои проекты]\Nemiro .NET Framework\Documentations\Help\Working\Output\Website\icons.png
F:\[Мои проекты]\Nemiro .NET Framework\Documentations\img\amazon001.png -&gt; F:\[Мои проекты]\Nemiro .NET Framework\Documentations\Help\Working\Output\Website\img\amazon001.png
F:\[Мои проекты]\Nemiro .NET Framework\Documentations\img\amazon002.png -&gt; F:\[Мои проекты]\Nemiro .NET Framework\Documentations\Help\Working\Output\Website\img\amazon002.png
F:\[Мои проекты]\Nemiro .NET Framework\Documentations\img\amazon003.png -&gt; F:\[Мои проекты]\Nemiro .NET Framework\Documentations\Help\Working\Output\Website\img\amazon003.png
F:\[Мои проекты]\Nemiro .NET Framework\Documentations\img\amazon004.png -&gt; F:\[Мои проекты]\Nemiro .NET Framework\Documentations\Help\Working\Output\Website\img\amazon004.png
F:\[Мои проекты]\Nemiro .NET Framework\Documentations\img\amazon005.png -&gt; F:\[Мои проекты]\Nemiro .NET Framework\Documentations\Help\Working\Output\Website\img\amazon005.png
F:\[Мои проекты]\Nemiro .NET Framework\Documentations\img\amazon006.png -&gt; F:\[Мои проекты]\Nemiro .NET Framework\Documentations\Help\Working\Output\Website\img\amazon006.png
F:\[Мои проекты]\Nemiro .NET Framework\Documentations\img\ex001.png -&gt; F:\[Мои проекты]\Nemiro .NET Framework\Documentations\Help\Working\Output\Website\img\ex001.png
F:\[Мои проекты]\Nemiro .NET Framework\Documentations\img\facebook001.png -&gt; F:\[Мои проекты]\Nemiro .NET Framework\Documentations\Help\Working\Output\Website\img\facebook001.png
F:\[Мои проекты]\Nemiro .NET Framework\Documentations\img\facebook002.png -&gt; F:\[Мои проекты]\Nemiro .NET Framework\Documentations\Help\Working\Output\Website\img\facebook002.png
F:\[Мои проекты]\Nemiro .NET Framework\Documentations\img\facebook003.png -&gt; F:\[Мои проекты]\Nemiro .NET Framework\Documentations\Help\Working\Output\Website\img\facebook003.png
F:\[Мои проекты]\Nemiro .NET Framework\Documentations\img\facebook004.png -&gt; F:\[Мои проекты]\Nemiro .NET Framework\Documentations\Help\Working\Output\Website\img\facebook004.png
F:\[Мои проекты]\Nemiro .NET Framework\Documentations\img\facebook005.png -&gt; F:\[Мои проекты]\Nemiro .NET Framework\Documentations\Help\Working\Output\Website\img\facebook005.png
F:\[Мои проекты]\Nemiro .NET Framework\Documentations\img\facebook006.png -&gt; F:\[Мои проекты]\Nemiro .NET Framework\Documentations\Help\Working\Output\Website\img\facebook006.png
F:\[Мои проекты]\Nemiro .NET Framework\Documentations\img\facebook007.png -&gt; F:\[Мои проекты]\Nemiro .NET Framework\Documentations\Help\Working\Output\Website\img\facebook007.png
F:\[Мои проекты]\Nemiro .NET Framework\Documentations\img\facebook008.png -&gt; F:\[Мои проекты]\Nemiro .NET Framework\Documentations\Help\Working\Output\Website\img\facebook008.png
F:\[Мои проекты]\Nemiro .NET Framework\Documentations\img\facebook009.png -&gt; F:\[Мои проекты]\Nemiro .NET Framework\Documentations\Help\Working\Output\Website\img\facebook009.png
F:\[Мои проекты]\Nemiro .NET Framework\Documentations\img\google001.png -&gt; F:\[Мои проекты]\Nemiro .NET Framework\Documentations\Help\Working\Output\Website\img\google001.png
F:\[Мои проекты]\Nemiro .NET Framework\Documentations\img\google002.png -&gt; F:\[Мои проекты]\Nemiro .NET Framework\Documentations\Help\Working\Output\Website\img\google002.png
F:\[Мои проекты]\Nemiro .NET Framework\Documentations\img\google003.png -&gt; F:\[Мои проекты]\Nemiro .NET Framework\Documentations\Help\Working\Output\Website\img\google003.png
F:\[Мои проекты]\Nemiro .NET Framework\Documentations\img\google004.png -&gt; F:\[Мои проекты]\Nemiro .NET Framework\Documentations\Help\Working\Output\Website\img\google004.png
F:\[Мои проекты]\Nemiro .NET Framework\Documentations\img\google005.png -&gt; F:\[Мои проекты]\Nemiro .NET Framework\Documentations\Help\Working\Output\Website\img\google005.png
F:\[Мои проекты]\Nemiro .NET Framework\Documentations\img\google006.png -&gt; F:\[Мои проекты]\Nemiro .NET Framework\Documentations\Help\Working\Output\Website\img\google006.png
F:\[Мои проекты]\Nemiro .NET Framework\Documentations\img\google007.png -&gt; F:\[Мои проекты]\Nemiro .NET Framework\Documentations\Help\Working\Output\Website\img\google007.png
F:\[Мои проекты]\Nemiro .NET Framework\Documentations\img\google008.png -&gt; F:\[Мои проекты]\Nemiro .NET Framework\Documentations\Help\Working\Output\Website\img\google008.png
F:\[Мои проекты]\Nemiro .NET Framework\Documentations\img\google009.png -&gt; F:\[Мои проекты]\Nemiro .NET Framework\Documentations\Help\Working\Output\Website\img\google009.png
F:\[Мои проекты]\Nemiro .NET Framework\Documentations\img\live001.png -&gt; F:\[Мои проекты]\Nemiro .NET Framework\Documentations\Help\Working\Output\Website\img\live001.png
F:\[Мои проекты]\Nemiro .NET Framework\Documentations\img\live002.png -&gt; F:\[Мои проекты]\Nemiro .NET Framework\Documentations\Help\Working\Output\Website\img\live002.png
F:\[Мои проекты]\Nemiro .NET Framework\Documentations\img\live003.png -&gt; F:\[Мои проекты]\Nemiro .NET Framework\Documentations\Help\Working\Output\Website\img\live003.png
F:\[Мои проекты]\Nemiro .NET Framework\Documentations\img\live004.png -&gt; F:\[Мои проекты]\Nemiro .NET Framework\Documentations\Help\Working\Output\Website\img\live004.png
F:\[Мои проекты]\Nemiro .NET Framework\Documentations\img\live005.png -&gt; F:\[Мои проекты]\Nemiro .NET Framework\Documentations\Help\Working\Output\Website\img\live005.png
F:\[Мои проекты]\Nemiro .NET Framework\Documentations\img\live006.png -&gt; F:\[Мои проекты]\Nemiro .NET Framework\Documentations\Help\Working\Output\Website\img\live006.png
F:\[Мои проекты]\Nemiro .NET Framework\Documentations\img\mailru001.png -&gt; F:\[Мои проекты]\Nemiro .NET Framework\Documentations\Help\Working\Output\Website\img\mailru001.png
F:\[Мои проекты]\Nemiro .NET Framework\Documentations\img\mailru002.png -&gt; F:\[Мои проекты]\Nemiro .NET Framework\Documentations\Help\Working\Output\Website\img\mailru002.png
F:\[Мои проекты]\Nemiro .NET Framework\Documentations\img\mailru003.png -&gt; F:\[Мои проекты]\Nemiro .NET Framework\Documentations\Help\Working\Output\Website\img\mailru003.png
F:\[Мои проекты]\Nemiro .NET Framework\Documentations\img\mailru004.png -&gt; F:\[Мои проекты]\Nemiro .NET Framework\Documentations\Help\Working\Output\Website\img\mailru004.png
F:\[Мои проекты]\Nemiro .NET Framework\Documentations\img\mailru005.png -&gt; F:\[Мои проекты]\Nemiro .NET Framework\Documentations\Help\Working\Output\Website\img\mailru005.png
F:\[Мои проекты]\Nemiro .NET Framework\Documentations\img\mailru006.png -&gt; F:\[Мои проекты]\Nemiro .NET Framework\Documentations\Help\Working\Output\Website\img\mailru006.png
F:\[Мои проекты]\Nemiro .NET Framework\Documentations\img\mailru007.png -&gt; F:\[Мои проекты]\Nemiro .NET Framework\Documentations\Help\Working\Output\Website\img\mailru007.png
F:\[Мои проекты]\Nemiro .NET Framework\Documentations\img\ok001.png -&gt; F:\[Мои проекты]\Nemiro .NET Framework\Documentations\Help\Working\Output\Website\img\ok001.png
F:\[Мои проекты]\Nemiro .NET Framework\Documentations\img\ok002.png -&gt; F:\[Мои проекты]\Nemiro .NET Framework\Documentations\Help\Working\Output\Website\img\ok002.png
F:\[Мои проекты]\Nemiro .NET Framework\Documentations\img\ok003.png -&gt; F:\[Мои проекты]\Nemiro .NET Framework\Documentations\Help\Working\Output\Website\img\ok003.png
F:\[Мои проекты]\Nemiro .NET Framework\Documentations\img\ok004.png -&gt; F:\[Мои проекты]\Nemiro .NET Framework\Documentations\Help\Working\Output\Website\img\ok004.png
F:\[Мои проекты]\Nemiro .NET Framework\Documentations\img\ok005.png -&gt; F:\[Мои проекты]\Nemiro .NET Framework\Documentations\Help\Working\Output\Website\img\ok005.png
F:\[Мои проекты]\Nemiro .NET Framework\Documentations\img\paypal.gif -&gt; F:\[Мои проекты]\Nemiro .NET Framework\Documentations\Help\Working\Output\Website\img\paypal.gif
F:\[Мои проекты]\Nemiro .NET Framework\Documentations\img\twitter001.png -&gt; F:\[Мои проекты]\Nemiro .NET Framework\Documentations\Help\Working\Output\Website\img\twitter001.png
F:\[Мои проекты]\Nemiro .NET Framework\Documentations\img\twitter002.png -&gt; F:\[Мои проекты]\Nemiro .NET Framework\Documentations\Help\Working\Output\Website\img\twitter002.png
F:\[Мои проекты]\Nemiro .NET Framework\Documentations\img\twitter003.png -&gt; F:\[Мои проекты]\Nemiro .NET Framework\Documentations\Help\Working\Output\Website\img\twitter003.png
F:\[Мои проекты]\Nemiro .NET Framework\Documentations\img\twitter004.png -&gt; F:\[Мои проекты]\Nemiro .NET Framework\Documentations\Help\Working\Output\Website\img\twitter004.png
F:\[Мои проекты]\Nemiro .NET Framework\Documentations\img\twitter005.png -&gt; F:\[Мои проекты]\Nemiro .NET Framework\Documentations\Help\Working\Output\Website\img\twitter005.png
F:\[Мои проекты]\Nemiro .NET Framework\Documentations\img\twitter006.png -&gt; F:\[Мои проекты]\Nemiro .NET Framework\Documentations\Help\Working\Output\Website\img\twitter006.png
F:\[Мои проекты]\Nemiro .NET Framework\Documentations\img\twitter007.png -&gt; F:\[Мои проекты]\Nemiro .NET Framework\Documentations\Help\Working\Output\Website\img\twitter007.png
F:\[Мои проекты]\Nemiro .NET Framework\Documentations\img\vk001.png -&gt; F:\[Мои проекты]\Nemiro .NET Framework\Documentations\Help\Working\Output\Website\img\vk001.png
F:\[Мои проекты]\Nemiro .NET Framework\Documentations\img\vk002.png -&gt; F:\[Мои проекты]\Nemiro .NET Framework\Documentations\Help\Working\Output\Website\img\vk002.png
F:\[Мои проекты]\Nemiro .NET Framework\Documentations\img\vk003.png -&gt; F:\[Мои проекты]\Nemiro .NET Framework\Documentations\Help\Working\Output\Website\img\vk003.png
F:\[Мои проекты]\Nemiro .NET Framework\Documentations\img\vk004.png -&gt; F:\[Мои проекты]\Nemiro .NET Framework\Documentations\Help\Working\Output\Website\img\vk004.png
F:\[Мои проекты]\Nemiro .NET Framework\Documentations\img\vk005.png -&gt; F:\[Мои проекты]\Nemiro .NET Framework\Documentations\Help\Working\Output\Website\img\vk005.png
F:\[Мои проекты]\Nemiro .NET Framework\Documentations\img\vk006.png -&gt; F:\[Мои проекты]\Nemiro .NET Framework\Documentations\Help\Working\Output\Website\img\vk006.png
F:\[Мои проекты]\Nemiro .NET Framework\Documentations\img\vk007.png -&gt; F:\[Мои проекты]\Nemiro .NET Framework\Documentations\Help\Working\Output\Website\img\vk007.png
F:\[Мои проекты]\Nemiro .NET Framework\Documentations\img\vs001.png -&gt; F:\[Мои проекты]\Nemiro .NET Framework\Documentations\Help\Working\Output\Website\img\vs001.png
F:\[Мои проекты]\Nemiro .NET Framework\Documentations\img\vs002.png -&gt; F:\[Мои проекты]\Nemiro .NET Framework\Documentations\Help\Working\Output\Website\img\vs002.png
F:\[Мои проекты]\Nemiro .NET Framework\Documentations\img\vs003.png -&gt; F:\[Мои проекты]\Nemiro .NET Framework\Documentations\Help\Working\Output\Website\img\vs003.png
F:\[Мои проекты]\Nemiro .NET Framework\Documentations\img\vs004.png -&gt; F:\[Мои проекты]\Nemiro .NET Framework\Documentations\Help\Working\Output\Website\img\vs004.png
F:\[Мои проекты]\Nemiro .NET Framework\Documentations\img\vs005.png -&gt; F:\[Мои проекты]\Nemiro .NET Framework\Documentations\Help\Working\Output\Website\img\vs005.png
F:\[Мои проекты]\Nemiro .NET Framework\Documentations\img\vs006.png -&gt; F:\[Мои проекты]\Nemiro .NET Framework\Documentations\Help\Working\Output\Website\img\vs006.png
F:\[Мои проекты]\Nemiro .NET Framework\Documentations\img\vs007.png -&gt; F:\[Мои проекты]\Nemiro .NET Framework\Documentations\Help\Working\Output\Website\img\vs007.png
F:\[Мои проекты]\Nemiro .NET Framework\Documentations\img\vs008.png -&gt; F:\[Мои проекты]\Nemiro .NET Framework\Documentations\Help\Working\Output\Website\img\vs008.png
F:\[Мои проекты]\Nemiro .NET Framework\Documentations\img\warning.png -&gt; F:\[Мои проекты]\Nemiro .NET Framework\Documentations\Help\Working\Output\Website\img\warning.png
F:\[Мои проекты]\Nemiro .NET Framework\Documentations\img\yandex001.png -&gt; F:\[Мои проекты]\Nemiro .NET Framework\Documentations\Help\Working\Output\Website\img\yandex001.png
F:\[Мои проекты]\Nemiro .NET Framework\Documentations\img\yandex002.png -&gt; F:\[Мои проекты]\Nemiro .NET Framework\Documentations\Help\Working\Output\Website\img\yandex002.png
F:\[Мои проекты]\Nemiro .NET Framework\Documentations\img\yandex003.png -&gt; F:\[Мои проекты]\Nemiro .NET Framework\Documentations\Help\Working\Output\Website\img\yandex003.png
F:\[Мои проекты]\Nemiro .NET Framework\Documentations\img\yandex004.png -&gt; F:\[Мои проекты]\Nemiro .NET Framework\Documentations\Help\Working\Output\Website\img\yandex004.png
F:\[Мои проекты]\Nemiro .NET Framework\Documentations\img\yandex005.png -&gt; F:\[Мои проекты]\Nemiro .NET Framework\Documentations\Help\Working\Output\Website\img\yandex005.png
F:\[Мои проекты]\Nemiro .NET Framework\Documentations\installation.html -&gt; F:\[Мои проекты]\Nemiro .NET Framework\Documentations\Help\Working\Output\Website\installation.html
F:\[Мои проекты]\Nemiro .NET Framework\Documentations\license.html -&gt; F:\[Мои проекты]\Nemiro .NET Framework\Documentations\Help\Working\Output\Website\license.html
F:\[Мои проекты]\Nemiro .NET Framework\Documentations\oauth.png -&gt; F:\[Мои проекты]\Nemiro .NET Framework\Documentations\Help\Working\Output\Website\oauth.png
F:\[Мои проекты]\Nemiro .NET Framework\Documentations\share42.js -&gt; F:\[Мои проекты]\Nemiro .NET Framework\Documentations\Help\Working\Output\Website\share42.js
F:\[Мои проекты]\Nemiro .NET Framework\Documentations\version.html -&gt; F:\[Мои проекты]\Nemiro .NET Framework\Documentations\Help\Working\Output\Website\version.html
    Last step completed in 00:00:00.2140
</buildStep>
<buildStep step="MergeTablesOfContents">
Merging conceptual and additional tables of contents...
    Loading site map &#39;F:\[Мои проекты]\Nemiro .NET Framework\Documentations\web.sitemap&#39;
F:\[Мои проекты]\Nemiro .NET Framework\Documentations\access_token.html -&gt; F:\[Мои проекты]\Nemiro .NET Framework\Documentations\Help\Working\Output\Website\access_token.html
F:\[Мои проекты]\Nemiro .NET Framework\Documentations\parameters.html -&gt; F:\[Мои проекты]\Nemiro .NET Framework\Documentations\Help\Working\Output\Website\parameters.html
F:\[Мои проекты]\Nemiro .NET Framework\Documentations\scope.html -&gt; F:\[Мои проекты]\Nemiro .NET Framework\Documentations\Help\Working\Output\Website\scope.html
    Last step completed in 00:00:00.0540
</buildStep>
<buildStep step="GenerateIntermediateTableOfContents">
Generating intermediate table of contents file...
[C:\Windows\Microsoft.NET\Framework64\v4.0.30319\MSBuild.exe]
‘Ў&#174;аЄ&#160; &#173;&#160;з&#160;в&#160; 20.07.2014 20:10:05.
Џа&#174;ҐЄв &quot;F:\[Њ&#174;Ё Їа&#174;ҐЄвл]\Nemiro .NET Framework\Documentations\Help\Working\GenerateIntermediateTOC.proj&quot; ў г&#167;&#171;Ґ 1 (жҐ&#171;ҐўлҐ &#174;ЎкҐЄвл Ї&#174; г&#172;&#174;&#171;з&#160;&#173;Ёо).
GenerateIntermediateTOC:
  XslTransform (v2014.1.26.0)
  Copyright c 2006-2014, Microsoft Corporation, All Rights Reserved.
  Portions Copyright c 2006-2014, Eric Woodruff, All Rights Reserved.
  Applying XSL transformation &#39;C:\Program Files (x86)\EWSoftware\Sandcastle Help File Builder\\ProductionTransforms\CreateVSToc.xsl&#39;.
Џ&#174;бва&#174;Ґ&#173;ЁҐ Їа&#174;ҐЄв&#160; &quot;F:\[Њ&#174;Ё Їа&#174;ҐЄвл]\Nemiro .NET Framework\Documentations\Help\Working\GenerateIntermediateTOC.proj&quot; &#167;&#160;ўҐаиҐ&#173;&#174; (жҐ&#171;ҐўлҐ &#174;ЎкҐЄвл Ї&#174; г&#172;&#174;&#171;з&#160;&#173;Ёо).

‘Ў&#174;аЄ&#160; гбЇҐи&#173;&#174; &#167;&#160;ўҐаиҐ&#173;&#160;.

‡&#160;ва&#160;зҐ&#173;&#173;&#174;Ґ ўаҐ&#172;п: 00:00:00.87
Generating conceptual content intermediate TOC file...
    Last step completed in 00:00:01.2611
</buildStep>
<buildStep step="CreateBuildAssemblerConfigs">
Creating Sandcastle configuration files...
    sandcastle.config
    Last step completed in 00:00:00.0310
</buildStep>
<buildStep step="MergeCustomConfigs">
Merging custom build component configurations
F:\[Мои проекты]\Nemiro .NET Framework\Documentations\Help\Working\sandcastle.config
    Last step completed in 00:00:00.0340
</buildStep>
<buildStep step="BuildReferenceTopics">
Building reference help topics...
[C:\Windows\Microsoft.NET\Framework64\v4.0.30319\MSBuild.exe]
‘Ў&#174;аЄ&#160; &#173;&#160;з&#160;в&#160; 20.07.2014 20:10:06.
Џа&#174;ҐЄв &quot;F:\[Њ&#174;Ё Їа&#174;ҐЄвл]\Nemiro .NET Framework\Documentations\Help\Working\BuildReferenceTopics.proj&quot; ў г&#167;&#171;Ґ 1 (жҐ&#171;ҐўлҐ &#174;ЎкҐЄвл Ї&#174; г&#172;&#174;&#171;з&#160;&#173;Ёо).
BuildReferenceTopics:
  BuildAssembler (v2014.1.26.0)
  Copyright c 2006-2014, Microsoft Corporation, All Rights Reserved.
  Portions Copyright c 2006-2014, Eric Woodruff, All Rights Reserved.
  Loading configuration...
  Processing topics...
  Processed 322 topic(s)
  CopyFromIndexComponent: &quot;reflection&quot; in-memory cache entries used: 4 of 15.
  CopyFromIndexComponent: &quot;comments&quot; in-memory cache entries used: 2 of 30.
Џ&#174;бва&#174;Ґ&#173;ЁҐ Їа&#174;ҐЄв&#160; &quot;F:\[Њ&#174;Ё Їа&#174;ҐЄвл]\Nemiro .NET Framework\Documentations\Help\Working\BuildReferenceTopics.proj&quot; &#167;&#160;ўҐаиҐ&#173;&#174; (жҐ&#171;ҐўлҐ &#174;ЎкҐЄвл Ї&#174; г&#172;&#174;&#171;з&#160;&#173;Ёо).

‘Ў&#174;аЄ&#160; гбЇҐи&#173;&#174; &#167;&#160;ўҐаиҐ&#173;&#160;.

‡&#160;ва&#160;зҐ&#173;&#173;&#174;Ґ ўаҐ&#172;п: 00:00:09.86
    Last step completed in 00:00:10.2526
</buildStep>
<buildStep step="CombiningIntermediateTocFiles">
Combining conceptual and API intermediate TOC files...

Clearing any prior web output
    Last step completed in 00:00:00.0950
</buildStep>
<buildStep step="ExtractingHtmlInfo">
Extracting HTML info for HTML Help 1 and/or website...
[C:\Windows\Microsoft.NET\Framework64\v4.0.30319\MSBuild.exe]
Sandcastle Help File Builder, version 2014.2.15.0 Beta
Copyright c 2006-2014, Eric Woodruff, All Rights Reserved
E-Mail: Eric@EWoodruff.us

Using LCID &#39;1033&#39;, code page &#39;65001&#39;, encoding charset &#39;UTF-8&#39;.

Processing website files in F:\[Њ&#174;Ё Їа&#174;ҐЄвл]\Nemiro .NET Framework\Documentations\Help\Working\Output\Website
Processed 334 HTML files
Sorting keywords and generating See Also indices
Saving website keyword index to F:\[Њ&#174;Ё Їа&#174;ҐЄвл]\Nemiro .NET Framework\Documentations\Help\Working\WebKI.xml
Saving website table of contents to F:\[Њ&#174;Ё Їа&#174;ҐЄвл]\Nemiro .NET Framework\Documentations\Help\Working\WebTOC.xml
    Last step completed in 00:00:01.7781
</buildStep>
<buildStep step="CopyStandardHelpContent">
Copying standard help content...
C:\Program Files (x86)\EWSoftware\Sandcastle Help File Builder\PresentationStyles\VS2010\icons\1_404_bullet.gif -&gt; F:\[Мои проекты]\Nemiro .NET Framework\Documentations\Help\Working\Output\Website\icons\1_404_bullet.gif
C:\Program Files (x86)\EWSoftware\Sandcastle Help File Builder\PresentationStyles\VS2010\icons\2_404_bullet.gif -&gt; F:\[Мои проекты]\Nemiro .NET Framework\Documentations\Help\Working\Output\Website\icons\2_404_bullet.gif
C:\Program Files (x86)\EWSoftware\Sandcastle Help File Builder\PresentationStyles\VS2010\icons\alert_caution.gif -&gt; F:\[Мои проекты]\Nemiro .NET Framework\Documentations\Help\Working\Output\Website\icons\alert_caution.gif
C:\Program Files (x86)\EWSoftware\Sandcastle Help File Builder\PresentationStyles\VS2010\icons\alert_note.gif -&gt; F:\[Мои проекты]\Nemiro .NET Framework\Documentations\Help\Working\Output\Website\icons\alert_note.gif
C:\Program Files (x86)\EWSoftware\Sandcastle Help File Builder\PresentationStyles\VS2010\icons\alert_security.gif -&gt; F:\[Мои проекты]\Nemiro .NET Framework\Documentations\Help\Working\Output\Website\icons\alert_security.gif
C:\Program Files (x86)\EWSoftware\Sandcastle Help File Builder\PresentationStyles\VS2010\icons\CFW.gif -&gt; F:\[Мои проекты]\Nemiro .NET Framework\Documentations\Help\Working\Output\Website\icons\CFW.gif
C:\Program Files (x86)\EWSoftware\Sandcastle Help File Builder\PresentationStyles\VS2010\icons\close.gif -&gt; F:\[Мои проекты]\Nemiro .NET Framework\Documentations\Help\Working\Output\Website\icons\close.gif
C:\Program Files (x86)\EWSoftware\Sandcastle Help File Builder\PresentationStyles\VS2010\icons\favicon.ico -&gt; F:\[Мои проекты]\Nemiro .NET Framework\Documentations\Help\Working\Output\Website\icons\favicon.ico
C:\Program Files (x86)\EWSoftware\Sandcastle Help File Builder\PresentationStyles\VS2010\icons\footer_slice.gif -&gt; F:\[Мои проекты]\Nemiro .NET Framework\Documentations\Help\Working\Output\Website\icons\footer_slice.gif
C:\Program Files (x86)\EWSoftware\Sandcastle Help File Builder\PresentationStyles\VS2010\icons\info_icon.gif -&gt; F:\[Мои проекты]\Nemiro .NET Framework\Documentations\Help\Working\Output\Website\icons\info_icon.gif
C:\Program Files (x86)\EWSoftware\Sandcastle Help File Builder\PresentationStyles\VS2010\icons\note.gif -&gt; F:\[Мои проекты]\Nemiro .NET Framework\Documentations\Help\Working\Output\Website\icons\note.gif
C:\Program Files (x86)\EWSoftware\Sandcastle Help File Builder\PresentationStyles\VS2010\icons\online_icon.gif -&gt; F:\[Мои проекты]\Nemiro .NET Framework\Documentations\Help\Working\Output\Website\icons\online_icon.gif
C:\Program Files (x86)\EWSoftware\Sandcastle Help File Builder\PresentationStyles\VS2010\icons\open.gif -&gt; F:\[Мои проекты]\Nemiro .NET Framework\Documentations\Help\Working\Output\Website\icons\open.gif
C:\Program Files (x86)\EWSoftware\Sandcastle Help File Builder\PresentationStyles\VS2010\icons\pencil.GIF -&gt; F:\[Мои проекты]\Nemiro .NET Framework\Documentations\Help\Working\Output\Website\icons\pencil.GIF
C:\Program Files (x86)\EWSoftware\Sandcastle Help File Builder\PresentationStyles\VS2010\icons\privclass.gif -&gt; F:\[Мои проекты]\Nemiro .NET Framework\Documentations\Help\Working\Output\Website\icons\privclass.gif
C:\Program Files (x86)\EWSoftware\Sandcastle Help File Builder\PresentationStyles\VS2010\icons\privdelegate.gif -&gt; F:\[Мои проекты]\Nemiro .NET Framework\Documentations\Help\Working\Output\Website\icons\privdelegate.gif
C:\Program Files (x86)\EWSoftware\Sandcastle Help File Builder\PresentationStyles\VS2010\icons\privenumeration.gif -&gt; F:\[Мои проекты]\Nemiro .NET Framework\Documentations\Help\Working\Output\Website\icons\privenumeration.gif
C:\Program Files (x86)\EWSoftware\Sandcastle Help File Builder\PresentationStyles\VS2010\icons\privevent.gif -&gt; F:\[Мои проекты]\Nemiro .NET Framework\Documentations\Help\Working\Output\Website\icons\privevent.gif
C:\Program Files (x86)\EWSoftware\Sandcastle Help File Builder\PresentationStyles\VS2010\icons\privextension.gif -&gt; F:\[Мои проекты]\Nemiro .NET Framework\Documentations\Help\Working\Output\Website\icons\privextension.gif
C:\Program Files (x86)\EWSoftware\Sandcastle Help File Builder\PresentationStyles\VS2010\icons\privfield.gif -&gt; F:\[Мои проекты]\Nemiro .NET Framework\Documentations\Help\Working\Output\Website\icons\privfield.gif
C:\Program Files (x86)\EWSoftware\Sandcastle Help File Builder\PresentationStyles\VS2010\icons\privinterface.gif -&gt; F:\[Мои проекты]\Nemiro .NET Framework\Documentations\Help\Working\Output\Website\icons\privinterface.gif
C:\Program Files (x86)\EWSoftware\Sandcastle Help File Builder\PresentationStyles\VS2010\icons\privmethod.gif -&gt; F:\[Мои проекты]\Nemiro .NET Framework\Documentations\Help\Working\Output\Website\icons\privmethod.gif
C:\Program Files (x86)\EWSoftware\Sandcastle Help File Builder\PresentationStyles\VS2010\icons\privproperty.gif -&gt; F:\[Мои проекты]\Nemiro .NET Framework\Documentations\Help\Working\Output\Website\icons\privproperty.gif
C:\Program Files (x86)\EWSoftware\Sandcastle Help File Builder\PresentationStyles\VS2010\icons\privstructure.gif -&gt; F:\[Мои проекты]\Nemiro .NET Framework\Documentations\Help\Working\Output\Website\icons\privstructure.gif
C:\Program Files (x86)\EWSoftware\Sandcastle Help File Builder\PresentationStyles\VS2010\icons\protclass.gif -&gt; F:\[Мои проекты]\Nemiro .NET Framework\Documentations\Help\Working\Output\Website\icons\protclass.gif
C:\Program Files (x86)\EWSoftware\Sandcastle Help File Builder\PresentationStyles\VS2010\icons\protdelegate.gif -&gt; F:\[Мои проекты]\Nemiro .NET Framework\Documentations\Help\Working\Output\Website\icons\protdelegate.gif
C:\Program Files (x86)\EWSoftware\Sandcastle Help File Builder\PresentationStyles\VS2010\icons\protenumeration.gif -&gt; F:\[Мои проекты]\Nemiro .NET Framework\Documentations\Help\Working\Output\Website\icons\protenumeration.gif
C:\Program Files (x86)\EWSoftware\Sandcastle Help File Builder\PresentationStyles\VS2010\icons\protevent.gif -&gt; F:\[Мои проекты]\Nemiro .NET Framework\Documentations\Help\Working\Output\Website\icons\protevent.gif
C:\Program Files (x86)\EWSoftware\Sandcastle Help File Builder\PresentationStyles\VS2010\icons\protextension.gif -&gt; F:\[Мои проекты]\Nemiro .NET Framework\Documentations\Help\Working\Output\Website\icons\protextension.gif
C:\Program Files (x86)\EWSoftware\Sandcastle Help File Builder\PresentationStyles\VS2010\icons\protfield.gif -&gt; F:\[Мои проекты]\Nemiro .NET Framework\Documentations\Help\Working\Output\Website\icons\protfield.gif
C:\Program Files (x86)\EWSoftware\Sandcastle Help File Builder\PresentationStyles\VS2010\icons\protinterface.gif -&gt; F:\[Мои проекты]\Nemiro .NET Framework\Documentations\Help\Working\Output\Website\icons\protinterface.gif
C:\Program Files (x86)\EWSoftware\Sandcastle Help File Builder\PresentationStyles\VS2010\icons\protmethod.gif -&gt; F:\[Мои проекты]\Nemiro .NET Framework\Documentations\Help\Working\Output\Website\icons\protmethod.gif
C:\Program Files (x86)\EWSoftware\Sandcastle Help File Builder\PresentationStyles\VS2010\icons\protoperator.gif -&gt; F:\[Мои проекты]\Nemiro .NET Framework\Documentations\Help\Working\Output\Website\icons\protoperator.gif
C:\Program Files (x86)\EWSoftware\Sandcastle Help File Builder\PresentationStyles\VS2010\icons\protproperty.gif -&gt; F:\[Мои проекты]\Nemiro .NET Framework\Documentations\Help\Working\Output\Website\icons\protproperty.gif
C:\Program Files (x86)\EWSoftware\Sandcastle Help File Builder\PresentationStyles\VS2010\icons\protstructure.gif -&gt; F:\[Мои проекты]\Nemiro .NET Framework\Documentations\Help\Working\Output\Website\icons\protstructure.gif
C:\Program Files (x86)\EWSoftware\Sandcastle Help File Builder\PresentationStyles\VS2010\icons\pubclass.gif -&gt; F:\[Мои проекты]\Nemiro .NET Framework\Documentations\Help\Working\Output\Website\icons\pubclass.gif
C:\Program Files (x86)\EWSoftware\Sandcastle Help File Builder\PresentationStyles\VS2010\icons\pubdelegate.gif -&gt; F:\[Мои проекты]\Nemiro .NET Framework\Documentations\Help\Working\Output\Website\icons\pubdelegate.gif
C:\Program Files (x86)\EWSoftware\Sandcastle Help File Builder\PresentationStyles\VS2010\icons\pubenumeration.gif -&gt; F:\[Мои проекты]\Nemiro .NET Framework\Documentations\Help\Working\Output\Website\icons\pubenumeration.gif
C:\Program Files (x86)\EWSoftware\Sandcastle Help File Builder\PresentationStyles\VS2010\icons\pubevent.gif -&gt; F:\[Мои проекты]\Nemiro .NET Framework\Documentations\Help\Working\Output\Website\icons\pubevent.gif
C:\Program Files (x86)\EWSoftware\Sandcastle Help File Builder\PresentationStyles\VS2010\icons\pubextension.gif -&gt; F:\[Мои проекты]\Nemiro .NET Framework\Documentations\Help\Working\Output\Website\icons\pubextension.gif
C:\Program Files (x86)\EWSoftware\Sandcastle Help File Builder\PresentationStyles\VS2010\icons\pubfield.gif -&gt; F:\[Мои проекты]\Nemiro .NET Framework\Documentations\Help\Working\Output\Website\icons\pubfield.gif
C:\Program Files (x86)\EWSoftware\Sandcastle Help File Builder\PresentationStyles\VS2010\icons\pubinterface.gif -&gt; F:\[Мои проекты]\Nemiro .NET Framework\Documentations\Help\Working\Output\Website\icons\pubinterface.gif
C:\Program Files (x86)\EWSoftware\Sandcastle Help File Builder\PresentationStyles\VS2010\icons\pubmethod.gif -&gt; F:\[Мои проекты]\Nemiro .NET Framework\Documentations\Help\Working\Output\Website\icons\pubmethod.gif
C:\Program Files (x86)\EWSoftware\Sandcastle Help File Builder\PresentationStyles\VS2010\icons\puboperator.gif -&gt; F:\[Мои проекты]\Nemiro .NET Framework\Documentations\Help\Working\Output\Website\icons\puboperator.gif
C:\Program Files (x86)\EWSoftware\Sandcastle Help File Builder\PresentationStyles\VS2010\icons\pubproperty.gif -&gt; F:\[Мои проекты]\Nemiro .NET Framework\Documentations\Help\Working\Output\Website\icons\pubproperty.gif
C:\Program Files (x86)\EWSoftware\Sandcastle Help File Builder\PresentationStyles\VS2010\icons\pubstructure.gif -&gt; F:\[Мои проекты]\Nemiro .NET Framework\Documentations\Help\Working\Output\Website\icons\pubstructure.gif
C:\Program Files (x86)\EWSoftware\Sandcastle Help File Builder\PresentationStyles\VS2010\icons\search.gif -&gt; F:\[Мои проекты]\Nemiro .NET Framework\Documentations\Help\Working\Output\Website\icons\search.gif
C:\Program Files (x86)\EWSoftware\Sandcastle Help File Builder\PresentationStyles\VS2010\icons\search_bk.gif -&gt; F:\[Мои проекты]\Nemiro .NET Framework\Documentations\Help\Working\Output\Website\icons\search_bk.gif
C:\Program Files (x86)\EWSoftware\Sandcastle Help File Builder\PresentationStyles\VS2010\icons\security.gif -&gt; F:\[Мои проекты]\Nemiro .NET Framework\Documentations\Help\Working\Output\Website\icons\security.gif
C:\Program Files (x86)\EWSoftware\Sandcastle Help File Builder\PresentationStyles\VS2010\icons\slMobile.gif -&gt; F:\[Мои проекты]\Nemiro .NET Framework\Documentations\Help\Working\Output\Website\icons\slMobile.gif
C:\Program Files (x86)\EWSoftware\Sandcastle Help File Builder\PresentationStyles\VS2010\icons\static.gif -&gt; F:\[Мои проекты]\Nemiro .NET Framework\Documentations\Help\Working\Output\Website\icons\static.gif
C:\Program Files (x86)\EWSoftware\Sandcastle Help File Builder\PresentationStyles\VS2010\icons\tabLeftBG.gif -&gt; F:\[Мои проекты]\Nemiro .NET Framework\Documentations\Help\Working\Output\Website\icons\tabLeftBG.gif
C:\Program Files (x86)\EWSoftware\Sandcastle Help File Builder\PresentationStyles\VS2010\icons\tabRightBG.gif -&gt; F:\[Мои проекты]\Nemiro .NET Framework\Documentations\Help\Working\Output\Website\icons\tabRightBG.gif
C:\Program Files (x86)\EWSoftware\Sandcastle Help File Builder\PresentationStyles\VS2010\icons\ui_om_collapse.gif -&gt; F:\[Мои проекты]\Nemiro .NET Framework\Documentations\Help\Working\Output\Website\icons\ui_om_collapse.gif
C:\Program Files (x86)\EWSoftware\Sandcastle Help File Builder\PresentationStyles\VS2010\icons\ui_om_expand.gif -&gt; F:\[Мои проекты]\Nemiro .NET Framework\Documentations\Help\Working\Output\Website\icons\ui_om_expand.gif
C:\Program Files (x86)\EWSoftware\Sandcastle Help File Builder\PresentationStyles\VS2010\icons\xna.gif -&gt; F:\[Мои проекты]\Nemiro .NET Framework\Documentations\Help\Working\Output\Website\icons\xna.gif
C:\Program Files (x86)\EWSoftware\Sandcastle Help File Builder\PresentationStyles\VS2010\scripts\branding.js -&gt; F:\[Мои проекты]\Nemiro .NET Framework\Documentations\Help\Working\Output\Website\scripts\branding.js
C:\Program Files (x86)\EWSoftware\Sandcastle Help File Builder\PresentationStyles\VS2010\styles\branding-cs-CZ.css -&gt; F:\[Мои проекты]\Nemiro .NET Framework\Documentations\Help\Working\Output\Website\styles\branding-cs-CZ.css
C:\Program Files (x86)\EWSoftware\Sandcastle Help File Builder\PresentationStyles\VS2010\styles\branding-de-DE.css -&gt; F:\[Мои проекты]\Nemiro .NET Framework\Documentations\Help\Working\Output\Website\styles\branding-de-DE.css
C:\Program Files (x86)\EWSoftware\Sandcastle Help File Builder\PresentationStyles\VS2010\styles\branding-en-US.css -&gt; F:\[Мои проекты]\Nemiro .NET Framework\Documentations\Help\Working\Output\Website\styles\branding-en-US.css
C:\Program Files (x86)\EWSoftware\Sandcastle Help File Builder\PresentationStyles\VS2010\styles\branding-es-ES.css -&gt; F:\[Мои проекты]\Nemiro .NET Framework\Documentations\Help\Working\Output\Website\styles\branding-es-ES.css
C:\Program Files (x86)\EWSoftware\Sandcastle Help File Builder\PresentationStyles\VS2010\styles\branding-fr-FR.css -&gt; F:\[Мои проекты]\Nemiro .NET Framework\Documentations\Help\Working\Output\Website\styles\branding-fr-FR.css
C:\Program Files (x86)\EWSoftware\Sandcastle Help File Builder\PresentationStyles\VS2010\styles\branding-it-IT.css -&gt; F:\[Мои проекты]\Nemiro .NET Framework\Documentations\Help\Working\Output\Website\styles\branding-it-IT.css
C:\Program Files (x86)\EWSoftware\Sandcastle Help File Builder\PresentationStyles\VS2010\styles\branding-ja-JP.css -&gt; F:\[Мои проекты]\Nemiro .NET Framework\Documentations\Help\Working\Output\Website\styles\branding-ja-JP.css
C:\Program Files (x86)\EWSoftware\Sandcastle Help File Builder\PresentationStyles\VS2010\styles\branding-ko-KR.css -&gt; F:\[Мои проекты]\Nemiro .NET Framework\Documentations\Help\Working\Output\Website\styles\branding-ko-KR.css
C:\Program Files (x86)\EWSoftware\Sandcastle Help File Builder\PresentationStyles\VS2010\styles\branding-pl-PL.css -&gt; F:\[Мои проекты]\Nemiro .NET Framework\Documentations\Help\Working\Output\Website\styles\branding-pl-PL.css
C:\Program Files (x86)\EWSoftware\Sandcastle Help File Builder\PresentationStyles\VS2010\styles\branding-pt-BR.css -&gt; F:\[Мои проекты]\Nemiro .NET Framework\Documentations\Help\Working\Output\Website\styles\branding-pt-BR.css
C:\Program Files (x86)\EWSoftware\Sandcastle Help File Builder\PresentationStyles\VS2010\styles\branding-ru-RU.css -&gt; F:\[Мои проекты]\Nemiro .NET Framework\Documentations\Help\Working\Output\Website\styles\branding-ru-RU.css
C:\Program Files (x86)\EWSoftware\Sandcastle Help File Builder\PresentationStyles\VS2010\styles\branding-tr-TR.css -&gt; F:\[Мои проекты]\Nemiro .NET Framework\Documentations\Help\Working\Output\Website\styles\branding-tr-TR.css
C:\Program Files (x86)\EWSoftware\Sandcastle Help File Builder\PresentationStyles\VS2010\styles\branding-zh-CN.css -&gt; F:\[Мои проекты]\Nemiro .NET Framework\Documentations\Help\Working\Output\Website\styles\branding-zh-CN.css
C:\Program Files (x86)\EWSoftware\Sandcastle Help File Builder\PresentationStyles\VS2010\styles\branding-zh-TW.css -&gt; F:\[Мои проекты]\Nemiro .NET Framework\Documentations\Help\Working\Output\Website\styles\branding-zh-TW.css
C:\Program Files (x86)\EWSoftware\Sandcastle Help File Builder\PresentationStyles\VS2010\styles\branding.css -&gt; F:\[Мои проекты]\Nemiro .NET Framework\Documentations\Help\Working\Output\Website\styles\branding.css
C:\Program Files (x86)\EWSoftware\Sandcastle Help File Builder\\Web\CloseSearch.png -&gt; F:\[Мои проекты]\Nemiro .NET Framework\Documentations\Help\Working\Output\Website\.\CloseSearch.png
C:\Program Files (x86)\EWSoftware\Sandcastle Help File Builder\\Web\CollapseAll.png -&gt; F:\[Мои проекты]\Nemiro .NET Framework\Documentations\Help\Working\Output\Website\.\CollapseAll.png
C:\Program Files (x86)\EWSoftware\Sandcastle Help File Builder\\Web\Collapsed.gif -&gt; F:\[Мои проекты]\Nemiro .NET Framework\Documentations\Help\Working\Output\Website\.\Collapsed.gif
C:\Program Files (x86)\EWSoftware\Sandcastle Help File Builder\\Web\Expanded.gif -&gt; F:\[Мои проекты]\Nemiro .NET Framework\Documentations\Help\Working\Output\Website\.\Expanded.gif
C:\Program Files (x86)\EWSoftware\Sandcastle Help File Builder\\Web\favicon.ico -&gt; F:\[Мои проекты]\Nemiro .NET Framework\Documentations\Help\Working\Output\Website\.\favicon.ico
C:\Program Files (x86)\EWSoftware\Sandcastle Help File Builder\\Web\FillNode.aspx -&gt; F:\[Мои проекты]\Nemiro .NET Framework\Documentations\Help\Working\Output\Website\.\FillNode.aspx
C:\Program Files (x86)\EWSoftware\Sandcastle Help File Builder\\Web\FillNode.php -&gt; F:\[Мои проекты]\Nemiro .NET Framework\Documentations\Help\Working\Output\Website\.\FillNode.php
C:\Program Files (x86)\EWSoftware\Sandcastle Help File Builder\\Web\Index.aspx -&gt; F:\[Мои проекты]\Nemiro .NET Framework\Documentations\Help\Working\Output\Website\.\Index.aspx
C:\Program Files (x86)\EWSoftware\Sandcastle Help File Builder\\Web\Index.gif -&gt; F:\[Мои проекты]\Nemiro .NET Framework\Documentations\Help\Working\Output\Website\.\Index.gif
C:\Program Files (x86)\EWSoftware\Sandcastle Help File Builder\\Web\index.html -&gt; F:\[Мои проекты]\Nemiro .NET Framework\Documentations\Help\Working\Output\Website\.\index.html
C:\Program Files (x86)\EWSoftware\Sandcastle Help File Builder\\Web\index.php -&gt; F:\[Мои проекты]\Nemiro .NET Framework\Documentations\Help\Working\Output\Website\.\index.php
C:\Program Files (x86)\EWSoftware\Sandcastle Help File Builder\\Web\Item.gif -&gt; F:\[Мои проекты]\Nemiro .NET Framework\Documentations\Help\Working\Output\Website\.\Item.gif
C:\Program Files (x86)\EWSoftware\Sandcastle Help File Builder\\Web\LoadIndexKeywords.aspx -&gt; F:\[Мои проекты]\Nemiro .NET Framework\Documentations\Help\Working\Output\Website\.\LoadIndexKeywords.aspx
C:\Program Files (x86)\EWSoftware\Sandcastle Help File Builder\\Web\LoadIndexKeywords.php -&gt; F:\[Мои проекты]\Nemiro .NET Framework\Documentations\Help\Working\Output\Website\.\LoadIndexKeywords.php
C:\Program Files (x86)\EWSoftware\Sandcastle Help File Builder\\Web\Search.gif -&gt; F:\[Мои проекты]\Nemiro .NET Framework\Documentations\Help\Working\Output\Website\.\Search.gif
C:\Program Files (x86)\EWSoftware\Sandcastle Help File Builder\\Web\SearchHelp.aspx -&gt; F:\[Мои проекты]\Nemiro .NET Framework\Documentations\Help\Working\Output\Website\.\SearchHelp.aspx
C:\Program Files (x86)\EWSoftware\Sandcastle Help File Builder\\Web\SearchHelp.inc.php -&gt; F:\[Мои проекты]\Nemiro .NET Framework\Documentations\Help\Working\Output\Website\.\SearchHelp.inc.php
C:\Program Files (x86)\EWSoftware\Sandcastle Help File Builder\\Web\SearchHelp.php -&gt; F:\[Мои проекты]\Nemiro .NET Framework\Documentations\Help\Working\Output\Website\.\SearchHelp.php
C:\Program Files (x86)\EWSoftware\Sandcastle Help File Builder\\Web\Splitter.gif -&gt; F:\[Мои проекты]\Nemiro .NET Framework\Documentations\Help\Working\Output\Website\.\Splitter.gif
C:\Program Files (x86)\EWSoftware\Sandcastle Help File Builder\\Web\SyncTOC.gif -&gt; F:\[Мои проекты]\Nemiro .NET Framework\Documentations\Help\Working\Output\Website\.\SyncTOC.gif
C:\Program Files (x86)\EWSoftware\Sandcastle Help File Builder\\Web\TOC.css -&gt; F:\[Мои проекты]\Nemiro .NET Framework\Documentations\Help\Working\Output\Website\.\TOC.css
C:\Program Files (x86)\EWSoftware\Sandcastle Help File Builder\\Web\TOC.js -&gt; F:\[Мои проекты]\Nemiro .NET Framework\Documentations\Help\Working\Output\Website\.\TOC.js
C:\Program Files (x86)\EWSoftware\Sandcastle Help File Builder\\Web\Web.Config -&gt; F:\[Мои проекты]\Nemiro .NET Framework\Documentations\Help\Working\Output\Website\.\Web.Config
    Last step completed in 00:00:00.2190
</buildStep>
<buildStep step="GenerateHelpFormatTableOfContents">
Generating website table of contents file...
    Last step completed in 00:00:00.0030
</buildStep>
<buildStep step="GenerateFullTextIndex">
Generating full-text index for the website...

    Last step completed in 00:00:00.9761
</buildStep>
<buildStep step="CopyingWebsiteFiles">
Copying website files to output folder...

Copied 100 files
Copied 200 files
Copied 300 files
Copied 400 files
Copied 500 files
Copied 538 files for the website content
    Last step completed in 00:00:00.3710
</buildStep>
<buildStep step="CleanIntermediates">
Removing intermediate files...
    Last step completed in 00:00:00.1350
</buildStep>
<buildStep step="Completed">

Build completed successfully at 07.20.2014 08:10 .  Total time: 00:00:19,9491

</buildStep>
</shfbBuild>
